This is pdfTeX, Version 3.14159265-2.6-1.40.21 (MiKTeX 20.7) (preloaded format=latex 2020.9.22)  15 OCT 2020 20:23
entering extended mode
**./2e3c85376fbaf11e.tex
(2e3c85376fbaf11e.tex
LaTeX2e <2020-02-02> patch level 5
L3 programming layer <2020-09-03>
(C:\Users\tidiane.camaret\AppData\Local\Programs\MiKTeX\tex/latex/standalone\st
andalone.cls
Document Class: standalone 2018/03/26 v1.3a Class to compile TeX sub-files stan
dalone

(C:\Users\tidiane.camaret\AppData\Local\Programs\MiKTeX\tex/latex/tools\shelles
c.sty
Package: shellesc 2019/11/08 v1.0c unified shell escape interface for LaTeX
Package shellesc Info: Restricted shell escape enabled on input line 77.
)
(C:\Users\tidiane.camaret\AppData\Local\Programs\MiKTeX\tex/generic/iftex\iflua
tex.sty
Package: ifluatex 2019/10/25 v1.5 ifluatex legacy package. Use iftex instead.

(C:\Users\tidiane.camaret\AppData\Local\Programs\MiKTeX\tex/generic/iftex\iftex
.sty
Package: iftex 2020/03/06 v1.0d TeX engine tests
))
(C:\Users\tidiane.camaret\AppData\Local\Programs\MiKTeX\tex/latex/xkeyval\xkeyv
al.sty
Package: xkeyval 2014/12/03 v2.7a package option processing (HA)

(C:\Users\tidiane.camaret\AppData\Local\Programs\MiKTeX\tex/generic/xkeyval\xke
yval.tex
(C:\Users\tidiane.camaret\AppData\Local\Programs\MiKTeX\tex/generic/xkeyval\xkv
utils.tex
\XKV@toks=\toks15
\XKV@tempa@toks=\toks16

(C:\Users\tidiane.camaret\AppData\Local\Programs\MiKTeX\tex/generic/xkeyval\key
val.tex))
\XKV@depth=\count168
File: xkeyval.tex 2014/12/03 v2.7a key=value parser (HA)
))
\sa@internal=\count169
\c@sapage=\count170

(C:\Users\tidiane.camaret\AppData\Local\Programs\MiKTeX\tex/latex/standalone\st
andalone.cfg
File: standalone.cfg 2018/03/26 v1.3a Default configuration file for 'standalon
e' class
)
(C:\Users\tidiane.camaret\AppData\Local\Programs\MiKTeX\tex/latex/base\article.
cls
Document Class: article 2019/12/20 v1.4l Standard LaTeX document class

(C:\Users\tidiane.camaret\AppData\Local\Programs\MiKTeX\tex/latex/base\size10.c
lo
File: size10.clo 2019/12/20 v1.4l Standard LaTeX file (size option)
)
\c@part=\count171
\c@section=\count172
\c@subsection=\count173
\c@subsubsection=\count174
\c@paragraph=\count175
\c@subparagraph=\count176
\c@figure=\count177
\c@table=\count178
\abovecaptionskip=\skip47
\belowcaptionskip=\skip48
\bibindent=\dimen134
)
(C:\Users\tidiane.camaret\AppData\Local\Programs\MiKTeX\tex/latex/preview\previ
ew.sty
Package: preview 2017/04/24 11.91 (AUCTeX/preview-latex)

(C:\Users\tidiane.camaret\AppData\Local\Programs\MiKTeX\tex/generic/luatex85\lu
atex85.sty
Package: luatex85 2016/06/15 v1.4 pdftex aliases for luatex
)
(C:\Users\tidiane.camaret\AppData\Local\Programs\MiKTeX\tex/latex/preview\prtig
htpage.def
\PreviewBorder=\dimen135
)
\pr@snippet=\count179
\pr@box=\box45
\pr@output=\toks17
))
(C:\Users\tidiane.camaret\AppData\Local\Programs\MiKTeX\tex/generic/babel\babel
.sty
Package: babel 2020/09/01 3.48 The Babel package

(C:\Users\tidiane.camaret\AppData\Local\Programs\MiKTeX\tex/generic/babel\babel
.def
File: babel.def 2020/09/01 3.48 Babel common definitions
\babel@savecnt=\count180
\U@D=\dimen136
\l@babelnohyphens=\language79

(C:\Users\tidiane.camaret\AppData\Local\Programs\MiKTeX\tex/generic/babel\txtba
bel.def)
\bbl@readstream=\read2
)
\bbl@dirlevel=\count181
*************************************
* Local config file bblopts.cfg used
*

(C:\Users\tidiane.camaret\AppData\Local\Programs\MiKTeX\tex/latex/arabi\bblopts
.cfg
File: bblopts.cfg 2005/09/08 v0.1 add Arabic and Farsi to "declared" options of
 babel
)
(C:\Users\tidiane.camaret\AppData\Local\Programs\MiKTeX\tex/latex/babel-english
\english.ldf
Language: english 2017/06/06 v3.3r English support from the babel system
Package babel Info: \l@canadian = using hyphenrules for english
(babel)             (\language0) on input line 102.
Package babel Info: \l@australian = using hyphenrules for ukenglish
(babel)             (\language73) on input line 105.
Package babel Info: \l@newzealand = using hyphenrules for ukenglish
(babel)             (\language73) on input line 108.
))
(C:\Users\tidiane.camaret\AppData\Local\Programs\MiKTeX\tex/latex/base\inputenc
.sty
Package: inputenc 2018/08/11 v1.3c Input encoding file
\inpenc@prehook=\toks18
\inpenc@posthook=\toks19
)
(C:\Users\tidiane.camaret\AppData\Local\Programs\MiKTeX\tex/latex/base\fontenc.
sty
Package: fontenc 2020/02/11 v2.0o Standard LaTeX package
)
(C:\Users\tidiane.camaret\AppData\Local\Programs\MiKTeX\tex/latex/amsmath\amsma
th.sty
Package: amsmath 2020/01/20 v2.17e AMS math features
\@mathmargin=\skip49
For additional information on amsmath, use the `?' option.

(C:\Users\tidiane.camaret\AppData\Local\Programs\MiKTeX\tex/latex/amsmath\amste
xt.sty
Package: amstext 2000/06/29 v2.01 AMS text

(C:\Users\tidiane.camaret\AppData\Local\Programs\MiKTeX\tex/latex/amsmath\amsge
n.sty
File: amsgen.sty 1999/11/30 v2.0 generic functions
\@emptytoks=\toks20
\ex@=\dimen137
))
(C:\Users\tidiane.camaret\AppData\Local\Programs\MiKTeX\tex/latex/amsmath\amsbs
y.sty
Package: amsbsy 1999/11/29 v1.2d Bold Symbols
\pmbraise@=\dimen138
)
(C:\Users\tidiane.camaret\AppData\Local\Programs\MiKTeX\tex/latex/amsmath\amsop
n.sty
Package: amsopn 2016/03/08 v2.02 operator names
)
\inf@bad=\count182
LaTeX Info: Redefining \frac on input line 227.
\uproot@=\count183
\leftroot@=\count184
LaTeX Info: Redefining \overline on input line 389.
\classnum@=\count185
\DOTSCASE@=\count186
LaTeX Info: Redefining \ldots on input line 486.
LaTeX Info: Redefining \dots on input line 489.
LaTeX Info: Redefining \cdots on input line 610.
\Mathstrutbox@=\box46
\strutbox@=\box47
\big@size=\dimen139
LaTeX Font Info:    Redeclaring font encoding OML on input line 733.
LaTeX Font Info:    Redeclaring font encoding OMS on input line 734.
\macc@depth=\count187
\c@MaxMatrixCols=\count188
\dotsspace@=\muskip16
\c@parentequation=\count189
\dspbrk@lvl=\count190
\tag@help=\toks21
\row@=\count191
\column@=\count192
\maxfields@=\count193
\andhelp@=\toks22
\eqnshift@=\dimen140
\alignsep@=\dimen141
\tagshift@=\dimen142
\tagwidth@=\dimen143
\totwidth@=\dimen144
\lineht@=\dimen145
\@envbody=\toks23
\multlinegap=\skip50
\multlinetaggap=\skip51
\mathdisplay@stack=\toks24
LaTeX Info: Redefining \[ on input line 2859.
LaTeX Info: Redefining \] on input line 2860.
)
(C:\Users\tidiane.camaret\AppData\Local\Programs\MiKTeX\tex/latex/amsfonts\amss
ymb.sty
Package: amssymb 2013/01/14 v3.01 AMS font symbols

(C:\Users\tidiane.camaret\AppData\Local\Programs\MiKTeX\tex/latex/amsfonts\amsf
onts.sty
Package: amsfonts 2013/01/14 v3.01 Basic AMSFonts support
\symAMSa=\mathgroup4
\symAMSb=\mathgroup5
LaTeX Font Info:    Redeclaring math symbol \hbar on input line 98.
LaTeX Font Info:    Overwriting math alphabet `\mathfrak' in version `bold'
(Font)                  U/euf/m/n --> U/euf/b/n on input line 106.
))
(C:\Users\tidiane.camaret\AppData\Local\Programs\MiKTeX\tex/latex/doublestroke\
dsfont.sty
Package: dsfont 1995/08/01 v0.1 Double stroke roman fonts
)
(C:\Users\tidiane.camaret\AppData\Local\Programs\MiKTeX\tex/latex/setspace\sets
pace.sty
Package: setspace 2011/12/19 v6.7a set line spacing
)
(C:\Users\tidiane.camaret\AppData\Local\Programs\MiKTeX\tex/latex/tipa\tipa.sty
Package: tipa 2002/08/08 TIPA version 1.1

(C:\Users\tidiane.camaret\AppData\Local\Programs\MiKTeX\tex/latex/base\fontenc.
sty
Package: fontenc 2020/02/11 v2.0o Standard LaTeX package

(C:\Users\tidiane.camaret\AppData\Local\Programs\MiKTeX\tex/latex/tipa\t3enc.de
f
File: t3enc.def 2001/12/31 T3 encoding
Now handling font encoding T3 ...
... no UTF-8 mapping file for font encoding T3
LaTeX Font Info:    Trying to load font information for T1+cmss on input line 3
57.

(C:\Users\tidiane.camaret\AppData\Local\Programs\MiKTeX\tex/latex/base\t1cmss.f
d
File: t1cmss.fd 2019/12/16 v2.5j Standard LaTeX font definitions
))))
(C:\Users\tidiane.camaret\AppData\Local\Programs\MiKTeX\tex/latex/relsize\relsi
ze.sty
Package: relsize 2013/03/29 ver 4.1
)
(C:\Users\tidiane.camaret\AppData\Local\Programs\MiKTeX\tex/latex/base\textcomp
.sty
Package: textcomp 2020/02/02 v2.0n Standard LaTeX package
)
(C:\Users\tidiane.camaret\AppData\Local\Programs\MiKTeX\tex/latex/jknappen\math
rsfs.sty
Package: mathrsfs 1996/01/01 Math RSFS package v1.0 (jk)
\symrsfs=\mathgroup6
)
(C:\Users\tidiane.camaret\AppData\Local\Programs\MiKTeX\tex/latex/fundus-callig
ra\calligra.sty
Package: calligra 2012/04/10 v1.9 LaTeX package calligra
)
(C:\Users\tidiane.camaret\AppData\Local\Programs\MiKTeX\tex/latex/wasysym\wasys
ym.sty
Package: wasysym 2020/01/19 v2.4 Wasy-2 symbol support package
\symwasy=\mathgroup7
LaTeX Font Info:    Overwriting symbol font `wasy' in version `bold'
(Font)                  U/wasy/m/n --> U/wasy/b/n on input line 93.
)
(C:\Users\tidiane.camaret\AppData\Local\Programs\MiKTeX\tex/latex/ragged2e\ragg
ed2e.sty
Package: ragged2e 2019/07/28 v2.2 ragged2e Package (MS)

(C:\Users\tidiane.camaret\AppData\Local\Programs\MiKTeX\tex/latex/ms\everysel.s
ty
Package: everysel 2011/10/28 v1.2 EverySelectfont Package (MS)
)
\CenteringLeftskip=\skip52
\RaggedLeftLeftskip=\skip53
\RaggedRightLeftskip=\skip54
\CenteringRightskip=\skip55
\RaggedLeftRightskip=\skip56
\RaggedRightRightskip=\skip57
\CenteringParfillskip=\skip58
\RaggedLeftParfillskip=\skip59
\RaggedRightParfillskip=\skip60
\JustifyingParfillskip=\skip61
\CenteringParindent=\skip62
\RaggedLeftParindent=\skip63
\RaggedRightParindent=\skip64
\JustifyingParindent=\skip65
)
(C:\Users\tidiane.camaret\AppData\Local\Programs\MiKTeX\tex/latex/physics\physi
cs.sty
Package: physics 

(C:\Users\tidiane.camaret\AppData\Local\Programs\MiKTeX\tex/latex/l3packages/xp
arse\xparse.sty
(C:\Users\tidiane.camaret\AppData\Local\Programs\MiKTeX\tex/latex/l3kernel\expl
3.sty
Package: expl3 2020-09-03 L3 programming layer (loader) 

(C:\Users\tidiane.camaret\AppData\Local\Programs\MiKTeX\tex/latex/l3backend\l3b
ackend-dvips.def
File: l3backend-dvips.def 2020-09-01 L3 backend support: dvips
\l__pdf_internal_box=\box48
\g__pdf_backend_object_int=\count194
\l__pdf_backend_content_box=\box49
\l__pdf_backend_model_box=\box50
\g__pdf_backend_annotation_int=\count195
\g__pdf_backend_link_int=\count196
\g__pdf_backend_link_sf_int=\count197
))
Package: xparse 2020-05-15 L3 Experimental document command parser

(C:\Users\tidiane.camaret\AppData\Local\Programs\MiKTeX\tex/latex/l3packages/xp
arse\xparse-generic.tex
\l__xparse_current_arg_int=\count198
\g__xparse_grabber_int=\count199
\l__xparse_m_args_int=\count266
\l__xparse_v_nesting_int=\count267
)))
(C:\Users\tidiane.camaret\AppData\Local\Programs\MiKTeX\tex/latex/xcolor\xcolor
.sty
Package: xcolor 2016/05/11 v2.12 LaTeX color extensions (UK)

(C:\Users\tidiane.camaret\AppData\Local\Programs\MiKTeX\tex/latex/graphics-cfg\
color.cfg
File: color.cfg 2016/01/02 v1.6 sample color configuration
)
Package xcolor Info: Driver file: dvips.def on input line 225.

(C:\Users\tidiane.camaret\AppData\Local\Programs\MiKTeX\tex/latex/graphics-def\
dvips.def
File: dvips.def 2017/06/20 v3.1d Graphics/color driver for dvips
)
Package xcolor Info: Model `cmy' substituted by `cmy0' on input line 1348.
Package xcolor Info: Model `RGB' extended on input line 1364.
Package xcolor Info: Model `HTML' substituted by `rgb' on input line 1366.
Package xcolor Info: Model `Hsb' substituted by `hsb' on input line 1367.
Package xcolor Info: Model `tHsb' substituted by `hsb' on input line 1368.
Package xcolor Info: Model `HSB' substituted by `hsb' on input line 1369.
Package xcolor Info: Model `Gray' substituted by `gray' on input line 1370.
Package xcolor Info: Model `wave' substituted by `hsb' on input line 1371.
)
(C:\Users\tidiane.camaret\AppData\Local\Programs\MiKTeX\tex/latex/microtype\mic
rotype.sty
Package: microtype 2019/11/18 v2.7d Micro-typographical refinements (RS)
\MT@toks=\toks25
\MT@count=\count268
LaTeX Info: Redefining \textls on input line 790.
\MT@outer@kern=\dimen146
LaTeX Info: Redefining \textmicrotypecontext on input line 1354.
\MT@listname@count=\count269

(C:\Users\tidiane.camaret\AppData\Local\Programs\MiKTeX\tex/latex/microtype\mic
rotype-pdftex.def
File: microtype-pdftex.def 2019/11/18 v2.7d Definitions specific to pdftex (RS)

LaTeX Info: Redefining \lsstyle on input line 914.
LaTeX Info: Redefining \lslig on input line 914.
\MT@outer@space=\skip66
)
Package microtype Info: Loading configuration file microtype.cfg.

(C:\Users\tidiane.camaret\AppData\Local\Programs\MiKTeX\tex/latex/microtype\mic
rotype.cfg
File: microtype.cfg 2019/11/18 v2.7d microtype main configuration file (RS)
))
No file 2e3c85376fbaf11e.aux.
\openout1 = `2e3c85376fbaf11e.aux'.

LaTeX Font Info:    Checking defaults for OML/cmm/m/it on input line 24.
LaTeX Font Info:    ... okay on input line 24.
LaTeX Font Info:    Checking defaults for OMS/cmsy/m/n on input line 24.
LaTeX Font Info:    ... okay on input line 24.
LaTeX Font Info:    Checking defaults for OT1/cmr/m/n on input line 24.
LaTeX Font Info:    ... okay on input line 24.
LaTeX Font Info:    Checking defaults for T1/cmr/m/n on input line 24.
LaTeX Font Info:    ... okay on input line 24.
LaTeX Font Info:    Checking defaults for TS1/cmr/m/n on input line 24.
LaTeX Font Info:    ... okay on input line 24.
LaTeX Font Info:    Checking defaults for OMX/cmex/m/n on input line 24.
LaTeX Font Info:    ... okay on input line 24.
LaTeX Font Info:    Checking defaults for U/cmr/m/n on input line 24.
LaTeX Font Info:    ... okay on input line 24.
LaTeX Font Info:    Checking defaults for T3/cmr/m/n on input line 24.
LaTeX Font Info:    Trying to load font information for T3+cmr on input line 24
.

(C:\Users\tidiane.camaret\AppData\Local\Programs\MiKTeX\tex/latex/tipa\t3cmr.fd
File: t3cmr.fd 2001/12/31 TIPA font definitions
)
LaTeX Font Info:    ... okay on input line 24.
Preview: Fontsize 10pt
ABD: EverySelectfont initializing macros
LaTeX Info: Redefining \selectfont on input line 24.
LaTeX Info: Redefining \microtypecontext on input line 24.
Package microtype Info: Generating DVI output.
Package microtype Info: Character protrusion enabled (level 2).
Package microtype Info: Using default protrusion set `alltext'.
Package microtype Info: No font expansion.
Package microtype Info: No adjustment of tracking.
Package microtype Info: No adjustment of interword spacing.
Package microtype Info: No adjustment of character kerning.

(C:\Users\tidiane.camaret\AppData\Local\Programs\MiKTeX\tex/latex/microtype\mt-
cmr.cfg
File: mt-cmr.cfg 2013/05/19 v2.2 microtype config. file: Computer Modern Roman 
(RS)
)
Preview: Tightpage 0 0 0 0
[1] (2e3c85376fbaf11e.aux) ) 
Here is how much of TeX's memory you used:
 7355 strings out of 481200
 113113 string characters out of 2900931
 406853 words of memory out of 3000000
 22863 multiletter control sequences out of 15000+200000
 538893 words of font info for 34 fonts, out of 3000000 for 9000
 1141 hyphenation exceptions out of 8191
 44i,1n,60p,344b,159s stack positions out of 5000i,500n,10000p,200000b,50000s

Output written on D:\Tidiane\Personnel\Developpement\manim_repo\2e3c85376fbaf11
e.dvi (1 page, 1632 bytes).
